running egg_info
creating ../../build/ros/ros.egg-info
writing ../../build/ros/ros.egg-info/PKG-INFO
writing dependency_links to ../../build/ros/ros.egg-info/dependency_links.txt
writing entry points to ../../build/ros/ros.egg-info/entry_points.txt
writing requirements to ../../build/ros/ros.egg-info/requires.txt
writing top-level names to ../../build/ros/ros.egg-info/top_level.txt
writing manifest file '../../build/ros/ros.egg-info/SOURCES.txt'
reading manifest file '../../build/ros/ros.egg-info/SOURCES.txt'
writing manifest file '../../build/ros/ros.egg-info/SOURCES.txt'
running build
running build_py
creating /home/the2003onean/ros/build/ros/build
creating /home/the2003onean/ros/build/ros/build/lib
creating /home/the2003onean/ros/build/ros/build/lib/ros
copying ros/auto_nav.py -> /home/the2003onean/ros/build/ros/build/lib/ros
copying ros/__init__.py -> /home/the2003onean/ros/build/ros/build/lib/ros
running install
running install_lib
creating /home/the2003onean/ros/install/ros/lib/python3.12/site-packages/ros
copying /home/the2003onean/ros/build/ros/build/lib/ros/auto_nav.py -> /home/the2003onean/ros/install/ros/lib/python3.12/site-packages/ros
copying /home/the2003onean/ros/build/ros/build/lib/ros/__init__.py -> /home/the2003onean/ros/install/ros/lib/python3.12/site-packages/ros
byte-compiling /home/the2003onean/ros/install/ros/lib/python3.12/site-packages/ros/auto_nav.py to auto_nav.cpython-312.pyc
byte-compiling /home/the2003onean/ros/install/ros/lib/python3.12/site-packages/ros/__init__.py to __init__.cpython-312.pyc
running install_data
creating /home/the2003onean/ros/install/ros/share/ament_index
creating /home/the2003onean/ros/install/ros/share/ament_index/resource_index
creating /home/the2003onean/ros/install/ros/share/ament_index/resource_index/packages
copying resource/ros -> /home/the2003onean/ros/install/ros/share/ament_index/resource_index/packages
copying package.xml -> /home/the2003onean/ros/install/ros/share/ros
running install_egg_info
Copying ../../build/ros/ros.egg-info to /home/the2003onean/ros/install/ros/lib/python3.12/site-packages/ros-0.0.0-py3.12.egg-info
running install_scripts
Installing auto_nav script to /home/the2003onean/ros/install/ros/lib/ros
writing list of installed files to '/home/the2003onean/ros/build/ros/install.log'
