[1.082s] Invoking command in '/home/the2003onean/ros/src/ros': DEBUGINFOD_URLS=https://debuginfod.ubuntu.com PYTHONPATH=/home/the2003onean/ros/build/ros/prefix_override:/usr/lib/python3/dist-packages/colcon_core/task/python/colcon_distutils_commands:/home/the2003onean/ros/install/ros/lib/python3.12/site-packages:${PYTHONPATH} /usr/bin/python3 -W ignore:setup.py install is deprecated -W ignore:easy_install command is deprecated setup.py egg_info --egg-base ../../build/ros build --build-base /home/the2003onean/ros/build/ros/build install --record /home/the2003onean/ros/build/ros/install.log --single-version-externally-managed install_data
[1.303s] running egg_info
[1.303s] creating ../../build/ros/ros.egg-info
[1.320s] writing ../../build/ros/ros.egg-info/PKG-INFO
[1.320s] writing dependency_links to ../../build/ros/ros.egg-info/dependency_links.txt
[1.320s] writing entry points to ../../build/ros/ros.egg-info/entry_points.txt
[1.320s] writing requirements to ../../build/ros/ros.egg-info/requires.txt
[1.320s] writing top-level names to ../../build/ros/ros.egg-info/top_level.txt
[1.320s] writing manifest file '../../build/ros/ros.egg-info/SOURCES.txt'
[1.353s] reading manifest file '../../build/ros/ros.egg-info/SOURCES.txt'
[1.353s] writing manifest file '../../build/ros/ros.egg-info/SOURCES.txt'
[1.353s] running build
[1.353s] running build_py
[1.353s] creating /home/the2003onean/ros/build/ros/build
[1.353s] creating /home/the2003onean/ros/build/ros/build/lib
[1.353s] creating /home/the2003onean/ros/build/ros/build/lib/ros
[1.354s] copying ros/auto_nav.py -> /home/the2003onean/ros/build/ros/build/lib/ros
[1.354s] copying ros/__init__.py -> /home/the2003onean/ros/build/ros/build/lib/ros
[1.354s] running install
[1.358s] running install_lib
[1.374s] creating /home/the2003onean/ros/install/ros/lib/python3.12/site-packages/ros
[1.374s] copying /home/the2003onean/ros/build/ros/build/lib/ros/auto_nav.py -> /home/the2003onean/ros/install/ros/lib/python3.12/site-packages/ros
[1.375s] copying /home/the2003onean/ros/build/ros/build/lib/ros/__init__.py -> /home/the2003onean/ros/install/ros/lib/python3.12/site-packages/ros
[1.375s] byte-compiling /home/the2003onean/ros/install/ros/lib/python3.12/site-packages/ros/auto_nav.py to auto_nav.cpython-312.pyc
[1.376s] byte-compiling /home/the2003onean/ros/install/ros/lib/python3.12/site-packages/ros/__init__.py to __init__.cpython-312.pyc
[1.376s] running install_data
[1.376s] creating /home/the2003onean/ros/install/ros/share/ament_index
[1.376s] creating /home/the2003onean/ros/install/ros/share/ament_index/resource_index
[1.376s] creating /home/the2003onean/ros/install/ros/share/ament_index/resource_index/packages
[1.376s] copying resource/ros -> /home/the2003onean/ros/install/ros/share/ament_index/resource_index/packages
[1.376s] copying package.xml -> /home/the2003onean/ros/install/ros/share/ros
[1.376s] running install_egg_info
[1.394s] Copying ../../build/ros/ros.egg-info to /home/the2003onean/ros/install/ros/lib/python3.12/site-packages/ros-0.0.0-py3.12.egg-info
[1.394s] running install_scripts
[1.506s] Installing auto_nav script to /home/the2003onean/ros/install/ros/lib/ros
[1.507s] writing list of installed files to '/home/the2003onean/ros/build/ros/install.log'
[1.526s] Invoked command in '/home/the2003onean/ros/src/ros' returned '0': DEBUGINFOD_URLS=https://debuginfod.ubuntu.com PYTHONPATH=/home/the2003onean/ros/build/ros/prefix_override:/usr/lib/python3/dist-packages/colcon_core/task/python/colcon_distutils_commands:/home/the2003onean/ros/install/ros/lib/python3.12/site-packages:${PYTHONPATH} /usr/bin/python3 -W ignore:setup.py install is deprecated -W ignore:easy_install command is deprecated setup.py egg_info --egg-base ../../build/ros build --build-base /home/the2003onean/ros/build/ros/build install --record /home/the2003onean/ros/build/ros/install.log --single-version-externally-managed install_data
